<?xml version="1.0" encoding="UTF-8"?>
<beans xmlns:xsi="http://www.w3.org/2001/XMLSchema-instance"
       xmlns="http://www.springframework.org/schema/beans"
       xmlns:util="http://www.springframework.org/schema/util"
       xsi:schemaLocation="http://www.springframework.org/schema/beans
        http://www.springframework.org/schema/beans/spring-beans.xsd
        http://www.springframework.org/schema/util
        https://www.springframework.org/schema/util/spring-util.xsd">

    <bean id="testFileNameProvider"   class="ru.otus.hw.config.AppProperties">
        <constructor-arg name="testFileName" value="classpath:questions.csv"/>
    </bean>

    <bean id="questionDao" class="ru.otus.hw.dao.CsvQuestionDao">
        <constructor-arg name="fileNameProvider" ref="testFileNameProvider"/>
    </bean>

</beans>